<?xml version="1.0" encoding="UTF-8"?>
<testsuite xmlns:xsi="http://www.w3.org/2001/XMLSchema-instance" xsi:noNamespaceSchemaLocation="https://maven.apache.org/surefire/maven-surefire-plugin/xsd/surefire-test-report-3.0.xsd" version="3.0" name="com.population.dao.ReportDAOTest" time="0.335" tests="2" errors="0" skipped="0" failures="0">
  <properties>
[...]
</properties>
  <testcase name="testCountriesByPopulation" classname="com.population.dao.ReportDAOTest" time="0.295">
    <system-out><![CDATA[Most populous country: China (1277558000)
]]></system-out>
  </testcase>
  <testcase name="testWorldPopulation" classname="com.population.dao.ReportDAOTest" time="0.01">
    <system-out><![CDATA[World Population: 6078749450
]]></system-out>
  </testcase>
</testsuite>